"../../../Engine/Content/Animation/DefaultAnimCurveCompressionSettings.uasset" 0
"../../../Engine/Content/ArtTools/RenderToTexture/Enums/RenderToTexture_Enum.uasset" 1
"../../../Engine/Content/ArtTools/RenderToTexture/Enums/RenderToTexture_Flipbook_Enum.uasset" 2
"../../../Engine/Content/ArtTools/RenderToTexture/Enums/RenderToTexture_Imposter_Enum.uasset" 3
"../../../Engine/Content/EditorBlueprintResources/StandardMacros.uasset" 4
"../../../Engine/Content/ArtTools/RenderToTexture/Enums/EIntTypes.uasset" 5
"../../../Engine/Content/ArtTools/RenderToTexture/Macros/RenderToTextureFunctionLibrary.uasset" 6
"../../../Engine/Content/ArtTools/RenderToTexture/Enums/EFloatTypes.uasset" 7
"../../../Engine/Content/ArtTools/RenderToTexture/Macros/RenderToTextureMacros.uasset" 8
"../../../Engine/Content/Functions/Engine_MaterialFunctions01/Opacity/CameraDepthFade.uasset" 9
"../../../Engine/Content/EngineMaterials/T_Default_Material_Grid_M.uasset" 10
"../../../Engine/Content/EngineMaterials/T_Default_Material_Grid_N.uasset" 11
"../../../Engine/Content/EngineMaterials/WorldGridMaterial.uasset" 12
"../../../Engine/Content/ArtTools/RenderToTexture/Meshes/S_1_Unit_Plane.uasset" 13
"../../../Engine/Content/EngineMaterials/DefaultMaterial.uasset" 14
"../../../Engine/Content/BasicShapes/Cone.uasset" 15
"../../../Engine/Content/BasicShapes/Cube.uasset" 16
"../../../Engine/Content/BasicShapes/Cylinder.uasset" 17
"../../../Engine/Content/BasicShapes/Sphere.uasset" 18
"../../../Engine/Content/EngineMaterials/DefaultPhysicalMaterial.uasset" 19
"../../../Engine/Content/BufferVisualization/AmbientOcclusion.uasset" 20
"../../../Engine/Content/BufferVisualization/BaseColor.uasset" 21
"../../../Engine/Content/BufferVisualization/CustomDepth.uasset" 22
"../../../Engine/Content/Functions/Engine_MaterialFunctions02/Utility/VectorLength.uasset" 23
"../../../Engine/Content/BufferVisualization/CustomDepthWorldUnits.uasset" 24
"../../../Engine/Content/Functions/Engine_MaterialFunctions02/Utility/BreakOutFloat2Components.uasset" 25
"../../../Engine/Content/Functions/Engine_MaterialFunctions01/Texturing/ScaleUVsByCenter.uasset" 26
"../../../Engine/Content/Functions/Engine_MaterialFunctions02/ScreenResolution.uasset" 27
"../../../Engine/Content/Functions/Engine_MaterialFunctions02/Texturing/ScreenAlignedUVs.uasset" 28
"../../../Engine/Content/Functions/Engine_MaterialFunctions02/Utility/MakeFloat2.uasset" 29
"../../../Engine/Content/Functions/Engine_MaterialFunctions02/Utility/MakeFloat3.uasset" 30
"../../../Engine/Content/EngineMaterials/MiniFont.uasset" 31
"../../../Engine/Content/BufferVisualization/CustomStencil.uasset" 32
"../../../Engine/Content/BufferVisualization/FinalImage.uasset" 33
"../../../Engine/Content/BufferVisualization/LightingModel.uasset" 34
"../../../Engine/Content/BufferVisualization/MaterialAO.uasset" 35
"../../../Engine/Content/BufferVisualization/Metallic.uasset" 36
"../../../Engine/Content/BufferVisualization/Opacity.uasset" 37
"../../../Engine/Content/BufferVisualization/PostTonemapHDRColor.uasset" 38
"../../../Engine/Content/BufferVisualization/PreTonemapHDRColor.uasset" 39
"../../../Engine/Content/BufferVisualization/Roughness.uasset" 40
"../../../Engine/Content/BufferVisualization/SceneColor.uasset" 41
"../../../Engine/Content/BufferVisualization/SceneDepth.uasset" 42
"../../../Engine/Content/BufferVisualization/SceneDepthWorldUnits.uasset" 43
"../../../Engine/Content/BufferVisualization/SeparateTranslucencyA.uasset" 44
"../../../Engine/Content/BufferVisualization/SeparateTranslucencyRGB.uasset" 45
"../../../Engine/Content/BufferVisualization/Specular.uasset" 46
"../../../Engine/Content/BufferVisualization/SubsurfaceColor.uasset" 47
"../../../Engine/Content/BufferVisualization/Velocity.uasset" 48
"../../../Engine/Content/BufferVisualization/WorldNormal.uasset" 49
"../../../Engine/Content/EditorBlueprintResources/ActorMacros.uasset" 50
"../../../Engine/Content/EditorLandscapeResources/DataLayer.uasset" 51
"../../../Engine/Content/EditorLandscapeResources/DefaultAlphaTexture.uasset" 52
"../../../Engine/Content/Functions/Engine_MaterialFunctions01/ImageAdjustment/BlurSampleOffsets.uasset" 53
"../../../Engine/Content/Functions/Engine_MaterialFunctions02/SampleSceneDepth.uasset" 54
"../../../Engine/Content/Functions/Engine_MaterialFunctions02/Texturing/WorldPositionWithScale.uasset" 55
"../../../Engine/Content/Functions/Engine_MaterialFunctions02/Utility/CameraDirectionVector.uasset" 56
"../../../Engine/Content/Functions/Engine_MaterialFunctions02/Utility/LinearSine.uasset" 57
"../../../Engine/Content/Functions/Engine_MaterialFunctions02/UVs/WorldPositionBehindTranslucency.uasset" 58
"../../../Engine/Content/Functions/Engine_MaterialFunctions02/WorldPositionOffset/ObjectScale.uasset" 59
"../../../Engine/Content/EditorLandscapeResources/FoliageBrushSphereMaterial.uasset" 60
"../../../Engine/Content/EditorLandscapeResources/LandscapeGizmoHeight_Mat.uasset" 61
"../../../Engine/Content/EditorLandscapeResources/LandscapeGizmo_Mat.uasset" 62
"../../../Engine/Content/EditorLandscapeResources/LandscapeGizmo_Mat_Copied.uasset" 63
"../../../Engine/Content/EditorLandscapeResources/SplineEditorMeshMat.uasset" 64
"../../../Engine/Content/EditorLandscapeResources/SplineEditorMesh.uasset" 65
"../../../Engine/Content/EditorMaterials/Cross.uasset" 66
"../../../Engine/Content/EditorMaterials/Cross_Mat.uasset" 67
"../../../Engine/Content/EditorMaterials/GizmoMaterial.uasset" 68
"../../../Engine/Content/Functions/Engine_MaterialFunctions02/ExampleContent/Textures/flipbook.uasset" 69
"../../../Engine/Content/Functions/Engine_MaterialFunctions02/Texturing/FlipBook.uasset" 70
"../../../Engine/Content/Functions/Engine_MaterialFunctions02/Utility/Sign.uasset" 71
"../../../Engine/Content/Functions/Engine_MaterialFunctions02/Utility/Round.uasset" 72
"../../../Engine/Content/EditorResources/T_EditorHelp.uasset" 73
"../../../Engine/Content/EditorMaterials/HelpActorMaterial.uasset" 74
"../../../Engine/Content/EditorMaterials/CompositeARGBLayer.uasset" 75
"../../../Engine/Content/EditorMaterials/TilingAALineIntegral.uasset" 76
"../../../Engine/Content/EditorMaterials/TilingAALineBoxFiltered.uasset" 77
"../../../Engine/Content/Functions/Engine_MaterialFunctions03/Procedurals/ComputeFilterWidth.uasset" 78
"../../../Engine/Content/EditorMaterials/TilingAADots.uasset" 79
"../../../Engine/Content/EngineMaterials/BlendFunc_DefBase.uasset" 80
"../../../Engine/Content/EngineMaterials/BlendFunc_DefBlend.uasset" 81
"../../../Engine/Content/Functions/Engine_MaterialFunctions03/Blends/Blend_Screen.uasset" 82
"../../../Engine/Content/EditorMaterials/TilingAAGrid.uasset" 83
"../../../Engine/Content/EditorMaterials/LevelGridMaterial.uasset" 84
"../../../Engine/Content/EditorMaterials/MakeCompositeARGBLayer.uasset" 85
"../../../Engine/Content/EditorResources/LevelGrid1DStripes.uasset" 86
"../../../Engine/Content/EditorMaterials/TextureGridCascaded1D.uasset" 87
"../../../Engine/Content/EditorMaterials/TextureGridCascaded2D.uasset" 88
"../../../Engine/Content/EditorMaterials/LevelGridMaterial2.uasset" 89
"../../../Engine/Content/EditorMaterials/MAT_Groups_Toggle.uasset" 90
"../../../Engine/Content/EditorMaterials/MAT_Groups_Visibility.uasset" 91
"../../../Engine/Content/EditorMaterials/AntialiasedGridFloor.uasset" 92
"../../../Engine/Content/EditorResources/TilePatine_D.uasset" 93
"../../../Engine/Content/EditorResources/TilePatine_N.uasset" 94
"../../../Engine/Content/EngineMaterials/Grid.uasset" 95
"../../../Engine/Content/EditorMaterials/PersonaFloorMat.uasset" 96
"../../../Engine/Content/EditorMaterials/PhAT_BoneSelectedMaterial.uasset" 97
"../../../Engine/Content/EditorMaterials/PhAT_ElemSelectedMaterial.uasset" 98
"../../../Engine/Content/EditorMaterials/PhAT_NoCollisionMaterial.uasset" 99
"../../../Engine/Content/EditorMaterials/PhAT_UnselectedMaterial.uasset" 100
"../../../Engine/Content/EditorMaterials/PreviewShadowIndicator.uasset" 101
"../../../Engine/Content/EditorMaterials/PreviewShadowIndicatorMaterial.uasset" 102
"../../../Engine/Content/EditorMaterials/TargetIcon.uasset" 103
"../../../Engine/Content/EditorMaterials/Tick.uasset" 104
"../../../Engine/Content/EditorMaterials/Tick_Mat.uasset" 105
"../../../Engine/Content/EditorMaterials/WidgetGridVertexColorMaterial.uasset" 106
"../../../Engine/Content/EditorMaterials/WidgetGridVertexColorMaterial_Ma.uasset" 107
"../../../Engine/Content/EditorMaterials/WidgetMaterial.uasset" 108
"../../../Engine/Content/EditorMaterials/WidgetMaterial_Current.uasset" 109
"../../../Engine/Content/EditorMaterials/WidgetMaterial_X.uasset" 110
"../../../Engine/Content/EditorMaterials/WidgetMaterial_Y.uasset" 111
"../../../Engine/Content/EditorMaterials/WidgetMaterial_Z.uasset" 112
"../../../Engine/Content/EditorMaterials/WidgetVertexColorMaterial.uasset" 113
"../../../Engine/Content/EditorMaterials/AssetViewer/EpicQuadPanorama_CC+EV1.uasset" 114
"../../../Engine/Content/MapTemplates/Sky/SunsetAmbientCubemap.uasset" 115
"../../../Engine/Content/EditorMaterials/AssetViewer/M_SkyBox.uasset" 116
"../../../Engine/Content/EditorMaterials/MatineeGroups/MAT_ColorTrack.uasset" 117
"../../../Engine/Content/EditorMaterials/MatineeGroups/MAT_Groups_Anim.uasset" 118
"../../../Engine/Content/EditorMaterials/MatineeGroups/MAT_Groups_AudioMaster.uasset" 119
"../../../Engine/Content/EditorMaterials/MatineeGroups/MAT_Groups_Director.uasset" 120
"../../../Engine/Content/EditorMaterials/MatineeGroups/MAT_Groups_Event.uasset" 121
"../../../Engine/Content/EditorMaterials/MatineeGroups/MAT_Groups_Fade.uasset" 122
"../../../Engine/Content/EditorMaterials/MatineeGroups/MAT_Groups_Float.uasset" 123
"../../../Engine/Content/EditorMaterials/MatineeGroups/MAT_Groups_Move.uasset" 124
"../../../Engine/Content/EditorMaterials/MatineeGroups/MAT_Groups_Slomo.uasset" 125
"../../../Engine/Content/EditorMaterials/MatineeGroups/MAT_Groups_Sound.uasset" 126
"../../../Engine/Content/EditorMaterials/MatineeGroups/MAT_Groups_Vector.uasset" 127
"../../../Engine/Content/EditorMaterials/ParticleSystems/PSysThumbnail_NoImage.uasset" 128
"../../../Engine/Content/EditorMaterials/ParticleSystems/PSysThumbnail_OOD.uasset" 129
"../../../Engine/Content/EditorMaterials/Thumbnails/FloorPlaneMaterial.uasset" 130
"../../../Engine/Content/EditorMeshes/EditorCube.uasset" 131
"../../../Engine/Content/EditorMeshes/EditorCylinder.uasset" 132
"../../../Engine/Content/EditorMeshes/EditorPlane.uasset" 133
"../../../Engine/Content/EditorMaterials/Thumbnails/SkySphereMaterial.uasset" 134
"../../../Engine/Content/EditorMeshes/EditorSkySphere.uasset" 135
"../../../Engine/Content/EditorMeshes/EditorSphere.uasset" 136
"../../../Engine/Content/EditorResources/MatineeCam_D.uasset" 137
"../../../Engine/Content/EditorMaterials/MatineeCam_mat.uasset" 138
"../../../Engine/Content/EditorMeshes/MatineeCam_SM.uasset" 139
"../../../Engine/Content/Functions/Engine_MaterialFunctions01/Shading/ConvertFromDiffSpec.uasset" 140
"../../../Engine/Content/EditorMaterials/GridMaterial.uasset" 141
"../../../Engine/Content/EditorMeshes/PhAT_FloorBox.uasset" 142
"../../../Engine/Content/EditorMeshes/PlanarReflectionPlane.uasset" 143
"../../../Engine/Content/EditorMeshes/AssetViewer/Floor_Mesh.uasset" 144
"../../../Engine/Content/EditorMeshes/AssetViewer/Sphere_inversenormals.uasset" 145
"../../../Engine/Content/EditorMaterials/Camera/CineMat.uasset" 146
"../../../Engine/Content/EditorMaterials/Camera/MI_CineMat_CameraBody.uasset" 147
"../../../Engine/Content/EngineDebugMaterials/M_SimpleOpaque.uasset" 148
"../../../Engine/Content/EditorMaterials/Camera/MI_CineMat_CamViewFinder.uasset" 149
"../../../Engine/Content/EditorMeshes/Camera/SM_CineCam.uasset" 150
"../../../Engine/Content/EditorMaterials/Camera/MI_CineMat_Rig.uasset" 151
"../../../Engine/Content/EditorMeshes/Camera/SM_CraneRig_Arm.uasset" 152
"../../../Engine/Content/EditorMeshes/Camera/SM_CraneRig_Base.uasset" 153
"../../../Engine/Content/EditorMeshes/Camera/SM_CraneRig_Body.uasset" 154
"../../../Engine/Content/EditorMeshes/Camera/SM_CraneRig_Mount.uasset" 155
"../../../Engine/Content/EditorMeshes/Camera/SM_RailRig_Mount.uasset" 156
"../../../Engine/Content/EditorMeshes/Camera/SM_RailRig_Track.uasset" 157
"../../../Engine/Content/EditorMeshes/ColorCalibrator/M_ChromeBall.uasset" 158
"../../../Engine/Content/EditorResources/Bad.uasset" 159
"../../../Engine/Content/EditorResources/BSPVertex.uasset" 160
"../../../Engine/Content/EditorResources/EmptyActor.uasset" 161
"../../../Engine/Content/EditorResources/MatInstActSprite.uasset" 162
"../../../Engine/Content/EditorResources/SceneManager.uasset" 163
"../../../Engine/Content/EditorResources/SimplygonLogo.uasset" 164
"../../../Engine/Content/EditorResources/SmallFont.uasset" 165
"../../../Engine/Content/EditorResources/S_Actor.uasset" 166
"../../../Engine/Content/EditorResources/S_DecalActorIcon.uasset" 167
"../../../Engine/Content/EditorResources/S_Emitter.uasset" 168
"../../../Engine/Content/EditorResources/S_ExpoHeightFog.uasset" 169
"../../../Engine/Content/EditorResources/S_FTest.uasset" 170
"../../../Engine/Content/EditorResources/S_KBSJoint.uasset" 171
"../../../Engine/Content/EditorResources/S_KHinge.uasset" 172
"../../../Engine/Content/EditorResources/S_KPrismatic.uasset" 173
"../../../Engine/Content/EditorResources/S_LevelSequence.uasset" 174
"../../../Engine/Content/EditorResources/S_NavP.uasset" 175
"../../../Engine/Content/EditorResources/S_Note.uasset" 176
"../../../Engine/Content/EditorResources/S_Player.uasset" 177
"../../../Engine/Content/EditorResources/S_PortalActorIcon2.uasset" 178
"../../../Engine/Content/EditorResources/S_RadForce.uasset" 179
"../../../Engine/Content/EditorResources/S_ReflActorIcon.uasset" 180
"../../../Engine/Content/EditorResources/S_Solver.uasset" 181
"../../../Engine/Content/EditorResources/S_Terrain.uasset" 182
"../../../Engine/Content/EditorResources/S_TextRenderActorIcon.uasset" 183
"../../../Engine/Content/EditorResources/S_Thruster.uasset" 184
"../../../Engine/Content/EditorResources/S_Trigger.uasset" 185
"../../../Engine/Content/EditorResources/S_VectorFieldVol.uasset" 186
"../../../Engine/Content/EditorResources/S_WindDirectional.uasset" 187
"../../../Engine/Content/EditorResources/AI/S_NavLink.uasset" 188
"../../../Engine/Content/EditorResources/LightIcons/SkyLight.uasset" 189
"../../../Engine/Content/EditorResources/LightIcons/S_LightDirectional.uasset" 190
"../../../Engine/Content/EditorResources/LightIcons/S_LightDirectionalMove.uasset" 191
"../../../Engine/Content/EditorResources/LightIcons/S_LightError.uasset" 192
"../../../Engine/Content/EditorResources/LightIcons/S_LightPoint.uasset" 193
"../../../Engine/Content/EditorResources/LightIcons/S_LightPointMove.uasset" 194
"../../../Engine/Content/EditorResources/LightIcons/S_LightSpot.uasset" 195
"../../../Engine/Content/EditorResources/LightIcons/S_LightSpotMove.uasset" 196
"../../../Engine/Content/EditorResources/SequenceRecorder/Countdown.uasset" 197
"../../../Engine/Content/EditorResources/SequenceRecorder/RecordingIndicator.uasset" 198
"../../../Engine/Content/EditorResources/Spline/T_Loft_Spline.uasset" 199
"../../../Engine/Content/EditorSounds/GamePreview/PossessPlayer.uasset" 200
"../../../Engine/Content/EditorSounds/GamePreview/PossessPlayer_Cue.uasset" 201
"../../../Engine/Content/EditorSounds/Notifications/CompileFailed.uasset" 202
"../../../Engine/Content/EditorSounds/Notifications/CompileFailed_Cue.uasset" 203
"../../../Engine/Content/EditorSounds/Notifications/CompileSuccess.uasset" 204
"../../../Engine/Content/EditorSounds/Notifications/CompileStart_Cue.uasset" 205
"../../../Engine/Content/EditorSounds/Notifications/CompileSuccess_Cue.uasset" 206
"../../../Engine/Content/EngineDamageTypes/DmgTypeBP_Environmental.uasset" 207
"../../../Engine/Content/EngineDebugMaterials/HeatmapGradient.uasset" 208
"../../../Engine/Content/EngineDebugMaterials/BoneWeightMaterial.uasset" 209
"../../../Engine/Content/EngineDebugMaterials/ClothMaterial.uasset" 210
"../../../Engine/Content/EngineDebugMaterials/ClothMaterial_WF.uasset" 211
"../../../Engine/Content/EngineDebugMaterials/DebugEditorMaterial.uasset" 212
"../../../Engine/Content/EngineDebugMaterials/DebugMeshMaterial.uasset" 213
"../../../Engine/Content/EngineDebugMaterials/GeomMaterial.uasset" 214
"../../../Engine/Content/EngineDebugMaterials/LevelColorationLitMaterial.uasset" 215
"../../../Engine/Content/EngineDebugMaterials/LevelColorationUnlitMaterial.uasset" 216
"../../../Engine/Content/EngineMaterials/DefaultWhiteGrid.uasset" 217
"../../../Engine/Content/EngineDebugMaterials/MAT_LevelColorationLitLightmapUV.uasset" 218
"../../../Engine/Content/EngineDebugMaterials/M_SimpleTranslucent.uasset" 219
"../../../Engine/Content/EngineDebugMaterials/VolumeToRender.uasset" 220
"../../../Engine/Content/EngineDebugMaterials/M_VolumeRenderSphereTracePP.uasset" 221
"../../../Engine/Content/EngineDebugMaterials/ShadedLevelColorationLitMaterial.uasset" 222
"../../../Engine/Content/EngineDebugMaterials/ShadedLevelColorationUnlitMateri.uasset" 223
"../../../Engine/Content/EngineDebugMaterials/VertexColorMaterial.uasset" 224
"../../../Engine/Content/EngineDebugMaterials/VertexColorViewMode_AlphaAsColor.uasset" 225
"../../../Engine/Content/EngineDebugMaterials/VertexColorViewMode_BlueOnly.uasset" 226
"../../../Engine/Content/EngineDebugMaterials/VertexColorViewMode_ColorOnly.uasset" 227
"../../../Engine/Content/EngineDebugMaterials/VertexColorViewMode_GreenOnly.uasset" 228
"../../../Engine/Content/EngineDebugMaterials/VertexColorViewMode_RedOnly.uasset" 229
"../../../Engine/Content/EngineDebugMaterials/WireframeMaterial.uasset" 230
"../../../Engine/Content/EngineFonts/Faces/RobotoBold.uasset" 231
"../../../Engine/Content/EngineFonts/Faces/RobotoBoldItalic.uasset" 232
"../../../Engine/Content/EngineFonts/Faces/RobotoItalic.uasset" 233
"../../../Engine/Content/EngineFonts/Faces/RobotoLight.uasset" 234
"../../../Engine/Content/EngineFonts/Faces/RobotoRegular.uasset" 235
"../../../Engine/Content/EngineFonts/Roboto.uasset" 236
"../../../Engine/Content/EngineFonts/Faces/RobotoTiny.uasset" 237
"../../../Engine/Content/EngineFonts/RobotoTiny.uasset" 238
"../../../Engine/Content/EngineFonts/SmallFont.uasset" 239
"../../../Engine/Content/EngineFonts/TinyFont.uasset" 240
"../../../Engine/Content/EngineMaterials/BaseFlattenDiffuseMap.uasset" 241
"../../../Engine/Content/EngineMaterials/BaseFlattenEmissiveMap.uasset" 242
"../../../Engine/Content/EngineMaterials/BaseFlattenGrayscaleMap.uasset" 243
"../../../Engine/Content/EngineMaterials/BaseFlattenNormalMap.uasset" 244
"../../../Engine/Content/EngineMaterials/BaseFlattenMaterial.uasset" 245
"../../../Engine/Content/EngineResources/WhiteSquareTexture.uasset" 246
"../../../Engine/Content/EngineMaterials/BlinkingCaret.uasset" 247
"../../../Engine/Content/EngineMaterials/BlueNoise.uasset" 248
"../../../Engine/Content/EngineMaterials/DefaultBloomKernel.uasset" 249
"../../../Engine/Content/EngineMaterials/DefaultBokeh.uasset" 250
"../../../Engine/Content/EngineMaterials/DefaultDiffuse.uasset" 251
"../../../Engine/Content/EngineMaterials/DefaultDeferredDecalMaterial.uasset" 252
"../../../Engine/Content/EngineMaterials/DefaultLightFunctionMaterial.uasset" 253
"../../../Engine/Content/EngineMaterials/DefaultNormal.uasset" 254
"../../../Engine/Content/EngineMaterials/DefaultPostProcessMaterial.uasset" 255
"../../../Engine/Content/EngineFonts/RobotoDistanceField.uasset" 256
"../../../Engine/Content/EngineMaterials/DefaultTextMaterialOpaque.uasset" 257
"../../../Engine/Content/EngineMaterials/DefaultVirtualTextureMaterial.uasset" 258
"../../../Engine/Content/EngineMaterials/EditorBrushMaterial.uasset" 259
"../../../Engine/Content/EngineMaterials/DefaultWhiteGrid_Low.uasset" 260
"../../../Engine/Content/EngineMaterials/EmissiveMeshMaterial.uasset" 261
"../../../Engine/Content/EngineMaterials/Good64x64TilingNoiseHighFreq.uasset" 262
"../../../Engine/Content/EngineMaterials/Grid_N.uasset" 263
"../../../Engine/Content/EngineMaterials/HighResolutionScreenshotMaskFunction.uasset" 264
"../../../Engine/Content/EngineMaterials/HighResScreenshot.uasset" 265
"../../../Engine/Content/EngineMaterials/HighResScreenshotCaptureRegion.uasset" 266
"../../../Engine/Content/EngineMaterials/HighResScreenshotMask.uasset" 267
"../../../Engine/Content/EngineMaterials/LandscapeHolePhysicalMaterial.uasset" 268
"../../../Engine/Content/EngineMaterials/InvalidLightmapSettings.uasset" 269
"../../../Engine/Content/EngineMaterials/M_InvalidLightmapSettings.uasset" 270
"../../../Engine/Content/EngineMaterials/PaperDiffuse.uasset" 271
"../../../Engine/Content/EngineMaterials/PaperNormal.uasset" 272
"../../../Engine/Content/Functions/Engine_MaterialFunctions02/WorldPositionOffset/CameraOffset.uasset" 273
"../../../Engine/Content/EngineMaterials/PhAT_JointLimitMaterial.uasset" 274
"../../../Engine/Content/EngineMaterials/PhysMat_Rubber.uasset" 275
"../../../Engine/Content/EngineMaterials/PreintegratedSkinBRDF.uasset" 276
"../../../Engine/Content/EngineMaterials/RemoveSurfaceMaterial.uasset" 277
"../../../Engine/Content/EngineMaterials/WeightMapPlaceholderTexture.uasset" 278
"../../../Engine/Content/EngineMaterials/Widget3DPassThrough.uasset" 279
"../../../Engine/Content/EngineMaterials/Widget3DPassThrough_Masked.uasset" 280
"../../../Engine/Content/EngineMaterials/Widget3DPassThrough_Opaque.uasset" 281
"../../../Engine/Content/EngineMaterials/Widget3DPassThrough_Masked_OneSided.uasset" 282
"../../../Engine/Content/EngineMaterials/Widget3DPassThrough_Opaque_OneSided.uasset" 283
"../../../Engine/Content/EngineMaterials/Widget3DPassThrough_Translucent.uasset" 284
"../../../Engine/Content/EngineMaterials/Widget3DPassThrough_Translucent_OneSided.uasset" 285
"../../../Engine/Content/EngineMeshes/Cube.uasset" 286
"../../../Engine/Content/EngineMeshes/Cylinder.uasset" 287
"../../../Engine/Content/EngineMeshes/Sphere.uasset" 288
"../../../Engine/Content/EngineResources/Black.uasset" 289
"../../../Engine/Content/EngineResources/DefaultTexture.uasset" 290
"../../../Engine/Content/EngineResources/DefaultTextureCube.uasset" 291
"../../../Engine/Content/EngineResources/DefaultVolumeTexture2D.uasset" 292
"../../../Engine/Content/EngineResources/DefaultVolumeTexture.uasset" 293
"../../../Engine/Content/EngineResources/GradientTexture0.uasset" 294
"../../../Engine/Content/EngineResources/StreamingPauseIcon.uasset" 295
"../../../Engine/Content/EngineResources/M_StreamingPause.uasset" 296
"../../../Engine/Content/EngineSounds/Master.uasset" 297
"../../../Engine/Content/Functions/Engine_MaterialFunctions01/Shading/PowerToRoughness.uasset" 298
"../../../Engine/Content/Maps/Templates/Thumbnails/Default.uasset" 299
"../../../Engine/Content/Maps/Templates/Thumbnails/VR-Basic.uasset" 300
"../../../Engine/Content/MapTemplates/Sky/DaylightAmbientCubemap.uasset" 301
"../../../Engine/Content/MobileResources/T_MobileControls_texture.uasset" 302
"../../../Engine/Content/MobileResources/T_MobileMenu2.uasset" 303
"../../../Engine/Content/MobileResources/HUD/AnalogHat.uasset" 304
"../../../Engine/Content/MobileResources/HUD/VirtualJoystick_Background.uasset" 305
"../../../Engine/Content/MobileResources/HUD/VirtualJoystick_Thumb.uasset" 306
"../../../Engine/Content/MobileResources/HUD/DefaultVirtualJoysticks.uasset" 307
"../../../Engine/Content/MobileResources/HUD/LeftVirtualJoystickOnly.uasset" 308
"../../../Engine/Content/MobileResources/HUD/MobileHUDButton1_off.uasset" 309
"../../../Engine/Content/MobileResources/HUD/MobileHUDButton1_on.uasset" 310
"../../../Engine/Content/MobileResources/HUD/MobileHUDButton2_off.uasset" 311
"../../../Engine/Content/MobileResources/HUD/MobileHUDButton2_on.uasset" 312
"../../../Engine/Content/MobileResources/HUD/MobileHUDButton3.uasset" 313
"../../../Engine/Content/MobileResources/HUD/MobileHUDButtonFire.uasset" 314
"../../../Engine/Content/MobileResources/HUD/MobileHUDDirectionPad.uasset" 315
"../../../Engine/Content/MobileResources/HUD/MobileHUDDirectionPad2.uasset" 316
"../../../Engine/Content/MobileResources/HUD/MobileHUDDirectionPad3.uasset" 317
"../../../Engine/Content/MobileResources/HUD/MobileHUDDirectionStick.uasset" 318
"../../../Engine/Content/MobileResources/HUD/T_Castle_ThumbstickInner.uasset" 319
"../../../Engine/Content/MobileResources/HUD/T_Castle_ThumbstickOutter.uasset" 320
"../../../Engine/Content/Tutorial/ContentIntroCurve.uasset" 321
"../../../Engine/Content/Tutorial/Basics/LevelEditorAttract.uasset" 322
"../../../Engine/Content/Tutorial/Basics/TutorialAssets/icon_tab_Levels_40x.uasset" 323
"../../../Engine/Content/Tutorial/Basics/LevelEditorOverview.uasset" 324
"../../../Engine/Content/Tutorial/BlueprintTutorials/TutorialAssets/Blueprint_64x.uasset" 325
"../../../Engine/Content/Tutorial/BlueprintTutorials/BlueprintEditorTutorial.uasset" 326
"../../../Engine/Content/Tutorial/BlueprintTutorials/TutorialAssets/Tutorial_BP_MacroLib.uasset" 327
"../../../Engine/Content/Tutorial/Code/AddingCode.uasset" 328
"../../../Engine/Content/Tutorial/Foliage/TutorialAssets/Foliage.uasset" 329
"../../../Engine/Content/Tutorial/Foliage/Foliage_Intro_Tutorial.uasset" 330
"../../../Engine/Content/Tutorial/Foliage/Foliage_Settings_Tutorial.uasset" 331
"../../../Engine/Content/Tutorial/Foliage/Foliage_Using_The_Tool_Tutorial.uasset" 332
"../../../Engine/Content/Tutorial/SubEditors/GettingSubstance.uasset" 333
"../../../Engine/Content/Tutorial/SubEditors/StaticMeshEditorTutorial.uasset" 334
"../../../Engine/Content/VREditor/LaserPointer/VR_LaserPower_01.uasset" 335
"../../../Engine/Content/VREditor/TransformGizmo/TransformGizmoMaterial.uasset" 336
"../../../Engine/Content/VREditor/TransformGizmo/TranslucentTransformGizmoMaterial.uasset" 337
"../../../Engine/Content/VREditor/TransformGizmo/BoundingBoxCorner.uasset" 338
"../../../Engine/Content/VREditor/TransformGizmo/BoundingBoxEdge.uasset" 339
"../../../Engine/Content/VREditor/TransformGizmo/PlaneTranslationHandle.uasset" 340
"../../../Engine/Content/VREditor/TransformGizmo/Main.uasset" 341
"../../../Engine/Content/VREditor/TransformGizmo/Xray.uasset" 342
"../../../Engine/Content/VREditor/TransformGizmo/SM_Sequencer_Key.uasset" 343
"../../../Engine/Content/VREditor/TransformGizmo/SM_Sequencer_Node.uasset" 344
"../../../../../../Users/thiru/Downloads/MyProject2/Content/Materials/woodDark.uasset" 345
"../../../../../../Users/thiru/Downloads/MyProject2/Content/Meshes/House/wood.uasset" 346
"../../../../../../Users/thiru/Downloads/MyProject2/Content/Meshes/House/structureBase_structureBase.uasset" 347
"../../../../../../Users/thiru/Downloads/MyProject2/Content/BluePrints/Structure/BaseStructure.uasset" 348
"../../../../../../Users/thiru/Downloads/MyProject2/Content/BluePrints/BaseStructure.uasset" 349
"../../../../../../Users/thiru/Downloads/MyProject2/Content/Materials/leafsGreen.uasset" 350
"../../../../../../Users/thiru/Downloads/MyProject2/Content/Materials/woodBark.uasset" 351
"../../../../../../Users/thiru/Downloads/MyProject2/Content/Meshes/Trees/tree_default.uasset" 352
"../../../../../../Users/thiru/Downloads/MyProject2/Content/BluePrints/BP_TREES/BP_Tree.uasset" 353
"../../../../../../Users/thiru/Downloads/MyProject2/Content/BluePrints/BP_Tree.uasset" 354
"../../../../../../Users/thiru/Downloads/MyProject2/Content/Meshes/House/structureRoof_structureRoof.uasset" 355
"../../../../../../Users/thiru/Downloads/MyProject2/Content/BluePrints/Structure/Roof.uasset" 356
"../../../../../../Users/thiru/Downloads/MyProject2/Content/BluePrints/Roof.uasset" 357
"../../../../../../Users/thiru/Downloads/MyProject2/Content/Meshes/House/structure_structure.uasset" 358
"../../../../../../Users/thiru/Downloads/MyProject2/Content/BluePrints/Structure/Structure.uasset" 359
"../../../../../../Users/thiru/Downloads/MyProject2/Content/BluePrints/BP_TREES/Tree.uasset" 360
"../../../../../../Users/thiru/Downloads/MyProject2/Content/BluePrints/Tree.uasset" 361
"../../../../../../Users/thiru/Downloads/MyProject2/Content/Materials/grass1.uasset" 362
"../../../../../../Users/thiru/Downloads/MyProject2/Content/Meshes/grass.uasset" 363
"../../../../../../Users/thiru/Downloads/MyProject2/Content/Meshes/Trees/tree_simple.uasset" 364
"../../Plugins/2D/Paper2D/Content/PlaceholderTextures/DummySpriteTexture.uasset" 365
"../../Plugins/2D/Paper2D/Content/DummySprite.uasset" 366
"../../Plugins/2D/Paper2D/Content/DefaultPaperTerrainMaterial.uasset" 367
"../../Plugins/2D/Paper2D/Content/DefaultSpriteMaterial.uasset" 368
"../../Plugins/2D/Paper2D/Content/MaskedUnlitSpriteMaterial.uasset" 369
"../../Plugins/2D/Paper2D/Content/OpaqueUnlitSpriteMaterial.uasset" 370
"../../Plugins/Enterprise/DatasmithContent/Content/Blueprints/FBXImporter/ArrayOfActor.uasset" 371
"../../Plugins/Enterprise/DatasmithContent/Content/Blueprints/FBXImporter/ArrayOfSwitch.uasset" 372
"../../Plugins/Enterprise/DatasmithContent/Content/Blueprints/FBXImporter/BP_SceneNode.uasset" 373
"../../Plugins/Enterprise/DatasmithContent/Content/Blueprints/FBXImporter/BP_Switch.uasset" 374
"../../Plugins/Enterprise/DatasmithContent/Content/Blueprints/FBXImporter/BP_SceneRoot.uasset" 375
"../../Plugins/Enterprise/DatasmithContent/Content/Blueprints/FBXImporter/FBXImporterUtils.uasset" 376
"../../Plugins/Enterprise/DatasmithContent/Content/Blueprints/FBXImporter/Animation/DeltaGenAnimationTrackType.uasset" 377
"../../Plugins/Enterprise/DatasmithContent/Content/Blueprints/FBXImporter/Animation/VREDAnimationTrackComponent.uasset" 378
"../../Plugins/Enterprise/DatasmithContent/Content/Blueprints/FBXImporter/Animation/VREDAnimationTrackType.uasset" 379
"../../Plugins/Enterprise/DatasmithContent/Content/Blueprints/FBXImporter/Animation/VREDAnimCurveComponent.uasset" 380
"../../Plugins/Enterprise/DatasmithContent/Content/Blueprints/FBXImporter/Animation/VREDAnimCurveType.uasset" 381
"../../Plugins/Enterprise/DatasmithContent/Content/Blueprints/FBXImporter/Variants/VariantSwitchType.uasset" 382
"../../Plugins/Enterprise/DatasmithContent/Content/Blueprints/FBXImporter/Variants/VREDVariantSwitchType.uasset" 383
"../../Plugins/Enterprise/DatasmithContent/Content/Blueprints/FBXImporter/Variants/VREDVariantType.uasset" 384
"../../Plugins/Runtime/Oculus/OculusVR/Content/OculusMR_RenderTarget.uasset" 385
"../../../Engine/Content/Functions/Engine_MaterialFunctions02/Utility/BreakOutFloat4Components.uasset" 386
"../../Plugins/Runtime/Oculus/OculusVR/Content/Materials/OculusMR_ChromaKey.uasset" 387
"../../Plugins/Runtime/Oculus/OculusVR/Content/Materials/OculusMR_ChromaKey_Lit.uasset" 388
"../../Plugins/Runtime/Oculus/OculusVR/Content/Materials/OculusMR_OpaqueColoredMaterial.uasset" 389
"../../Plugins/Runtime/Oculus/OculusVR/Content/Materials/OculusMR_WhiteMaterial.uasset" 390
"../../../../../../Users/thiru/Downloads/MyProject2/Content/Meshes/Trees/leafsGreen.uasset" 391
"../../../../../../Users/thiru/Downloads/MyProject2/Content/Meshes/Trees/woodBark.uasset" 392
"../../../../../../Users/thiru/Downloads/MyProject2/Content/Meshes/Trees/tree_oak.uasset" 393
"../../../../../../Users/thiru/Downloads/MyProject2/Content/BluePrints/BP_TREES/BP_Tree1.uasset" 394
"../../../../../../Users/thiru/Downloads/MyProject2/Content/BluePrints/BP_Tree1.uasset" 395
"../../../../../../Users/thiru/Downloads/MyProject2/Content/Meshes/Trees/tree_palm.uasset" 396
"../../../../../../Users/thiru/Downloads/MyProject2/Content/BluePrints/BP_TREES/BP_Tree2.uasset" 397
"../../../../../../Users/thiru/Downloads/MyProject2/Content/BluePrints/BP_Tree2.uasset" 398
"../../../../../../Users/thiru/Downloads/MyProject2/Content/Meshes/Trees/leafsDark.uasset" 399
"../../../../../../Users/thiru/Downloads/MyProject2/Content/Meshes/Trees/woodBarkDark.uasset" 400
"../../../../../../Users/thiru/Downloads/MyProject2/Content/Meshes/Trees/tree_pineDefaultA.uasset" 401
"../../../../../../Users/thiru/Downloads/MyProject2/Content/BluePrints/BP_TREES/BP_Tree3.uasset" 402
"../../../../../../Users/thiru/Downloads/MyProject2/Content/BluePrints/BP_Tree3.uasset" 403
"../../../../../../Users/thiru/Downloads/MyProject2/Content/Meshes/Trees/tree_plateau.uasset" 404
"../../../../../../Users/thiru/Downloads/MyProject2/Content/BluePrints/BP_TREES/BP_Tree4.uasset" 405
"../../../../../../Users/thiru/Downloads/MyProject2/Content/BluePrints/BP_Tree4.uasset" 406
"../../../../../../Users/thiru/Downloads/MyProject2/Content/Meshes/Trees/tree_thin.uasset" 407
"../../../../../../Users/thiru/Downloads/MyProject2/Content/BluePrints/BP_TREES/BP_Tree5.uasset" 408
"../../../../../../Users/thiru/Downloads/MyProject2/Content/BluePrints/BP_Tree5.uasset" 409
"../../../../../../Users/thiru/Downloads/MyProject2/Content/BluePrints/BP_TREES/Tree1.uasset" 410
"../../../../../../Users/thiru/Downloads/MyProject2/Content/BluePrints/Tree1.uasset" 411
"../../../../../../Users/thiru/Downloads/MyProject2/Content/BluePrints/BP_TREES/Tree2.uasset" 412
"../../../../../../Users/thiru/Downloads/MyProject2/Content/BluePrints/Tree2.uasset" 413
"../../../../../../Users/thiru/Downloads/MyProject2/Content/BluePrints/BP_TREES/Tree3.uasset" 414
"../../../../../../Users/thiru/Downloads/MyProject2/Content/BluePrints/Tree3.uasset" 415
"../../../../../../Users/thiru/Downloads/MyProject2/Content/BluePrints/BP_TREES/Tree4.uasset" 416
"../../../../../../Users/thiru/Downloads/MyProject2/Content/BluePrints/Tree4.uasset" 417
"../../../../../../Users/thiru/Downloads/MyProject2/Content/BluePrints/BP_TREES/Tree5.uasset" 418
"../../../../../../Users/thiru/Downloads/MyProject2/Content/BluePrints/Tree5.uasset" 419
"../../../Engine/Content/Maps/Entry_BuiltData.uasset" 420
"../../../Engine/Content/Maps/Entry.umap" 421
"../../../Engine/Content/EngineSky/C_Sky_Cloud_Color.uasset" 422
"../../../Engine/Content/EngineSky/C_Sky_Horizon_Color.uasset" 423
"../../../Engine/Content/EngineSky/C_Sky_Zenith_Color.uasset" 424
"../../../Engine/Content/EngineSky/T_Sky_Blue.uasset" 425
"../../../Engine/Content/EngineSky/T_Sky_Clouds_M.uasset" 426
"../../../Engine/Content/EngineSky/T_Sky_Stars.uasset" 427
"../../../Engine/Content/EngineSky/M_Sky_Panning_Clouds2.uasset" 428
"../../../Engine/Content/EngineSky/SM_SkySphere.uasset" 429
"../../../Engine/Content/EngineSky/BP_Sky_Sphere.uasset" 430
"../../../../../../Users/thiru/Downloads/MyProject2/Content/Character/characterMedium_Skeleton.uasset" 431
"../../../../../../Users/thiru/Downloads/MyProject2/Content/Character/jump_Root_Jump.uasset" 432
"../../../../../../Users/thiru/Downloads/MyProject2/Content/Character/Standing_Draw_Arrow.uasset" 433
"../../../../../../Users/thiru/Downloads/MyProject2/Content/Character/Standing_Melee_Attack_Downward.uasset" 434
"../../../../../../Users/thiru/Downloads/MyProject2/Content/Character/idle_Root_Idle.uasset" 435
"../../../../../../Users/thiru/Downloads/MyProject2/Content/Character/run_Root_Run.uasset" 436
"../../../../../../Users/thiru/Downloads/MyProject2/Content/Character/BlendSPChar.uasset" 437
"../../../../../../Users/thiru/Downloads/MyProject2/Content/Character/ThirdPerson_AnimBP.uasset" 438
"../../../../../../Users/thiru/Downloads/MyProject2/Content/BluePrints/SafeZone.uasset" 439
"../../../Engine/Content/BasicShapes/BasicShapeMaterial.uasset" 440
"../../../Engine/Content/BasicShapes/Plane.uasset" 441
"../../../../../../Users/thiru/Downloads/MyProject2/Content/BluePrints/WaterZone.uasset" 442
"../../../../../../Users/thiru/Downloads/MyProject2/Content/Character/survivorMaleB.uasset" 443
"../../../../../../Users/thiru/Downloads/MyProject2/Content/Character/skin.uasset" 444
"../../../../../../Users/thiru/Downloads/MyProject2/Content/Character/characterMedium_PhysicsAsset.uasset" 445
"../../../../../../Users/thiru/Downloads/MyProject2/Content/Character/characterMedium.uasset" 446
"../../../../../../Users/thiru/Downloads/MyProject2/Content/FirstPerson/Audio/FirstPersonTemplateWeaponFire02.uasset" 447
"../../../../../../Users/thiru/Downloads/MyProject2/Content/Materials/brown.uasset" 448
"../../../../../../Users/thiru/Downloads/MyProject2/Content/Materials/iron.uasset" 449
"../../../../../../Users/thiru/Downloads/MyProject2/Content/Materials/light_brown.uasset" 450
"../../../../../../Users/thiru/Downloads/MyProject2/Content/Meshes/Tools_and_Weapons/Bow.uasset" 451
"../../../../../../Users/thiru/Downloads/MyProject2/Content/Materials/metal.uasset" 452
"../../../../../../Users/thiru/Downloads/MyProject2/Content/Materials/rock.uasset" 453
"../../../../../../Users/thiru/Downloads/MyProject2/Content/Materials/wood.uasset" 454
"../../../../../../Users/thiru/Downloads/MyProject2/Content/Meshes/Tools_and_Weapons/toolAxe.uasset" 455
"../../../../../../Users/thiru/Downloads/MyProject2/Content/UI/GrindingWheel.uasset" 456
"../../../../../../Users/thiru/Downloads/MyProject2/Content/Textures/food-meat.uasset" 457
"../../../../../../Users/thiru/Downloads/MyProject2/Content/Textures/pet-bottle.uasset" 458
"../../../../../../Users/thiru/Downloads/MyProject2/Content/Textures/wood-icon.uasset" 459
"../../../../../../Users/thiru/Downloads/MyProject2/Content/UI/MainUI.uasset" 460
"../../../../../../Users/thiru/Downloads/MyProject2/Content/UI/WorkBench.uasset" 461
"../../../../../../Users/thiru/Downloads/MyProject2/Content/ThirdPersonBP/Blueprints/ThirdPersonCharacter.uasset" 462
"../../../../../../Users/thiru/Downloads/MyProject2/Content/Materials/border.uasset" 463
"../../../../../../Users/thiru/Downloads/MyProject2/Content/Materials/door.uasset" 464
"../../../../../../Users/thiru/Downloads/MyProject2/Content/Materials/roof.uasset" 465
"../../../../../../Users/thiru/Downloads/MyProject2/Content/Materials/window.uasset" 466
"../../../../../../Users/thiru/Downloads/MyProject2/Content/Meshes/House/_defaultMat.uasset" 467
"../../../../../../Users/thiru/Downloads/MyProject2/Content/Meshes/House/house_type01.uasset" 468
"../../../../../../Users/thiru/Downloads/MyProject2/Content/Meshes/House/metal.uasset" 469
"../../../../../../Users/thiru/Downloads/MyProject2/Content/Meshes/work/workbench_hammer.uasset" 470
"../../../../../../Users/thiru/Downloads/MyProject2/Content/Meshes/House/rock.uasset" 471
"../../../../../../Users/thiru/Downloads/MyProject2/Content/Meshes/work/workbench_paper.uasset" 472
"../../../../../../Users/thiru/Downloads/MyProject2/Content/Meshes/work/workbench_workbench.uasset" 473
"../../../../../../Users/thiru/Downloads/MyProject2/Content/UI/Forge.uasset" 474
"../../../../../../Users/thiru/Downloads/MyProject2/Content/BluePrints/HOUSE.uasset" 475
"../../../../../../Users/thiru/Downloads/MyProject2/Content/Textures/crosshair009.uasset" 476
"../../../../../../Users/thiru/Downloads/MyProject2/Content/HUD/FirstPersonHUD.uasset" 477
"../../../../../../Users/thiru/Downloads/MyProject2/Content/ThirdPersonBP/Blueprints/ThirdPersonGameMode.uasset" 478
"../../../../../../Users/thiru/Downloads/MyProject2/Content/ThirdPersonBP/Maps/ThirdPersonExampleMap_BuiltData.uasset" 479
"../../../Engine/Content/Functions/Engine_MaterialFunctions01/AlphaBlend/WorldAlignedBlend.uasset" 480
"../../../../../../Users/thiru/Downloads/MyProject2/Content/Materials/Costum.uasset" 481
"../../../../../../Users/thiru/Downloads/MyProject2/Content/Materials/Water.uasset" 482
"../../../../../../Users/thiru/Downloads/MyProject2/Content/Materials/material_001.uasset" 483
"../../../../../../Users/thiru/Downloads/MyProject2/Content/Materials/material_002.uasset" 484
"../../../../../../Users/thiru/Downloads/MyProject2/Content/Materials/material_003.uasset" 485
"../../../../../../Users/thiru/Downloads/MyProject2/Content/Meshes/Animals/gazelle.uasset" 486
"../../../../../../Users/thiru/Downloads/MyProject2/Content/Meshes/Animals/rabbit.uasset" 487
"../../../../../../Users/thiru/Downloads/MyProject2/Content/Materials/foliage.uasset" 488
"../../../../../../Users/thiru/Downloads/MyProject2/Content/Meshes/grass_grass.uasset" 489
"../../../../../../Users/thiru/Downloads/MyProject2/Content/ThirdPersonBP/Maps/ThirdPersonExampleMap.umap" 490
